This file contains any messages produced by compilers while
running configure, to aid debugging if configure makes a mistake.

It was created by configure, which was
generated by GNU Autoconf 2.61.  Invocation command line was

  $ ./configure --enable-maintainer-mode

## --------- ##
## Platform. ##
## --------- ##

hostname = elthariel-desktop
uname -m = i686
uname -r = 2.6.20-8-lowlatency
uname -s = Linux
uname -v = #2 SMP PREEMPT Tue Feb 13 05:21:37 UTC 2007

/usr/bin/uname -p = unknown
/bin/uname -X     = unknown

/bin/arch              = i686
/usr/bin/arch -k       = unknown
/usr/convex/getsysinfo = unknown
/usr/bin/hostinfo      = unknown
/bin/machine           = unknown
/usr/bin/oslevel       = unknown
/bin/universe          = unknown

PATH: /usr/local/sbin
PATH: /usr/local/bin
PATH: /usr/sbin
PATH: /usr/bin
PATH: /sbin
PATH: /bin
PATH: /usr/bin/X11
PATH: /usr/games
PATH: /home/elthariel/.ctafconf/bin
PATH: /home/elthariel/.ctafconf/perso/bin
PATH: .


## ----------- ##
## Core tests. ##
## ----------- ##

configure:1777: checking for a BSD-compatible install
configure:1833: result: /usr/bin/install -c
configure:1844: checking whether build environment is sane
configure:1887: result: yes
configure:1952: checking for gawk
configure:1982: result: no
configure:1952: checking for mawk
configure:1968: found /usr/bin/mawk
configure:1979: result: mawk
configure:1990: checking whether make sets $(MAKE)
configure:2011: result: yes
configure:2195: checking whether to enable maintainer-specific portions of Makefiles
configure:2204: result: yes
configure:2232: checking for style of include used by make
configure:2260: result: GNU
configure:2333: checking for gcc
configure:2349: found /usr/bin/gcc
configure:2360: result: gcc
configure:2598: checking for C compiler version
configure:2605: gcc --version >&5
gcc (GCC) 4.1.2 (Ubuntu 4.1.2-0ubuntu2)
Copyright (C) 2006 Free Software Foundation, Inc.
This is free software; see the source for copying conditions.  There is NO
warranty; not even for MERCHANTABILITY or FITNESS FOR A PARTICULAR PURPOSE.

configure:2608: $? = 0
configure:2615: gcc -v >&5
Using built-in specs.
Target: i486-linux-gnu
Configured with: ../src/configure -v --enable-languages=c,c++,fortran,objc,obj-c++,treelang --prefix=/usr --enable-shared --with-system-zlib --libexecdir=/usr/lib --without-included-gettext --enable-threads=posix --enable-nls --program-suffix=-4.1 --enable-__cxa_atexit --enable-clocale=gnu --enable-libstdcxx-debug --enable-mpfr --enable-checking=release i486-linux-gnu
Thread model: posix
gcc version 4.1.2 (Ubuntu 4.1.2-0ubuntu2)
configure:2618: $? = 0
configure:2625: gcc -V >&5
gcc: '-V' option must have argument
configure:2628: $? = 1
configure:2651: checking for C compiler default output file name
configure:2678: gcc    conftest.c  >&5
configure:2681: $? = 0
configure:2719: result: a.out
configure:2736: checking whether the C compiler works
configure:2746: ./a.out
configure:2749: $? = 0
configure:2766: result: yes
configure:2773: checking whether we are cross compiling
configure:2775: result: no
configure:2778: checking for suffix of executables
configure:2785: gcc -o conftest    conftest.c  >&5
configure:2788: $? = 0
configure:2812: result: 
configure:2818: checking for suffix of object files
configure:2844: gcc -c   conftest.c >&5
configure:2847: $? = 0
configure:2870: result: o
configure:2874: checking whether we are using the GNU C compiler
configure:2903: gcc -c   conftest.c >&5
configure:2909: $? = 0
configure:2926: result: yes
configure:2931: checking whether gcc accepts -g
configure:2961: gcc -c -g  conftest.c >&5
configure:2967: $? = 0
configure:3066: result: yes
configure:3083: checking for gcc option to accept ISO C89
configure:3157: gcc  -c -g -O2  conftest.c >&5
configure:3163: $? = 0
configure:3186: result: none needed
configure:3206: checking dependency style of gcc
configure:3296: result: gcc3
configure:3314: checking for library containing strerror
configure:3355: gcc -o conftest -g -O2   conftest.c  >&5
configure:3361: $? = 0
configure:3389: result: none required
configure:3445: checking for gcc
configure:3472: result: gcc
configure:3710: checking for C compiler version
configure:3717: gcc --version >&5
gcc (GCC) 4.1.2 (Ubuntu 4.1.2-0ubuntu2)
Copyright (C) 2006 Free Software Foundation, Inc.
This is free software; see the source for copying conditions.  There is NO
warranty; not even for MERCHANTABILITY or FITNESS FOR A PARTICULAR PURPOSE.

configure:3720: $? = 0
configure:3727: gcc -v >&5
Using built-in specs.
Target: i486-linux-gnu
Configured with: ../src/configure -v --enable-languages=c,c++,fortran,objc,obj-c++,treelang --prefix=/usr --enable-shared --with-system-zlib --libexecdir=/usr/lib --without-included-gettext --enable-threads=posix --enable-nls --program-suffix=-4.1 --enable-__cxa_atexit --enable-clocale=gnu --enable-libstdcxx-debug --enable-mpfr --enable-checking=release i486-linux-gnu
Thread model: posix
gcc version 4.1.2 (Ubuntu 4.1.2-0ubuntu2)
configure:3730: $? = 0
configure:3737: gcc -V >&5
gcc: '-V' option must have argument
configure:3740: $? = 1
configure:3743: checking whether we are using the GNU C compiler
configure:3795: result: yes
configure:3800: checking whether gcc accepts -g
configure:3935: result: yes
configure:3952: checking for gcc option to accept ISO C89
configure:4055: result: none needed
configure:4075: checking dependency style of gcc
configure:4165: result: gcc3
configure:4240: checking for g++
configure:4256: found /usr/bin/g++
configure:4267: result: g++
configure:4298: checking for C++ compiler version
configure:4305: g++ --version >&5
g++ (GCC) 4.1.2 (Ubuntu 4.1.2-0ubuntu2)
Copyright (C) 2006 Free Software Foundation, Inc.
This is free software; see the source for copying conditions.  There is NO
warranty; not even for MERCHANTABILITY or FITNESS FOR A PARTICULAR PURPOSE.

configure:4308: $? = 0
configure:4315: g++ -v >&5
Using built-in specs.
Target: i486-linux-gnu
Configured with: ../src/configure -v --enable-languages=c,c++,fortran,objc,obj-c++,treelang --prefix=/usr --enable-shared --with-system-zlib --libexecdir=/usr/lib --without-included-gettext --enable-threads=posix --enable-nls --program-suffix=-4.1 --enable-__cxa_atexit --enable-clocale=gnu --enable-libstdcxx-debug --enable-mpfr --enable-checking=release i486-linux-gnu
Thread model: posix
gcc version 4.1.2 (Ubuntu 4.1.2-0ubuntu2)
configure:4318: $? = 0
configure:4325: g++ -V >&5
g++: '-V' option must have argument
configure:4328: $? = 1
configure:4331: checking whether we are using the GNU C++ compiler
configure:4360: g++ -c   conftest.cpp >&5
configure:4366: $? = 0
configure:4383: result: yes
configure:4388: checking whether g++ accepts -g
configure:4418: g++ -c -g  conftest.cpp >&5
configure:4424: $? = 0
configure:4523: result: yes
configure:4548: checking dependency style of g++
configure:4638: result: gcc3
configure:4660: checking how to run the C++ preprocessor
configure:4696: g++ -E  conftest.cpp
configure:4702: $? = 0
configure:4733: g++ -E  conftest.cpp
conftest.cpp:10:28: error: ac_nonexistent.h: No such file or directory
configure:4739: $? = 1
configure: failed program was:
| /* confdefs.h.  */
| #define PACKAGE_NAME ""
| #define PACKAGE_TARNAME ""
| #define PACKAGE_VERSION ""
| #define PACKAGE_STRING ""
| #define PACKAGE_BUGREPORT ""
| #define PACKAGE "Zia"
| #define VERSION "0.0.1"
| /* end confdefs.h.  */
| #include <ac_nonexistent.h>
configure:4772: result: g++ -E
configure:4801: g++ -E  conftest.cpp
configure:4807: $? = 0
configure:4838: g++ -E  conftest.cpp
conftest.cpp:10:28: error: ac_nonexistent.h: No such file or directory
configure:4844: $? = 1
configure: failed program was:
| /* confdefs.h.  */
| #define PACKAGE_NAME ""
| #define PACKAGE_TARNAME ""
| #define PACKAGE_VERSION ""
| #define PACKAGE_STRING ""
| #define PACKAGE_BUGREPORT ""
| #define PACKAGE "Zia"
| #define VERSION "0.0.1"
| /* end confdefs.h.  */
| #include <ac_nonexistent.h>
configure:4997: checking for C++ compiler version
configure:5004: g++ --version >&5
g++ (GCC) 4.1.2 (Ubuntu 4.1.2-0ubuntu2)
Copyright (C) 2006 Free Software Foundation, Inc.
This is free software; see the source for copying conditions.  There is NO
warranty; not even for MERCHANTABILITY or FITNESS FOR A PARTICULAR PURPOSE.

configure:5007: $? = 0
configure:5014: g++ -v >&5
Using built-in specs.
Target: i486-linux-gnu
Configured with: ../src/configure -v --enable-languages=c,c++,fortran,objc,obj-c++,treelang --prefix=/usr --enable-shared --with-system-zlib --libexecdir=/usr/lib --without-included-gettext --enable-threads=posix --enable-nls --program-suffix=-4.1 --enable-__cxa_atexit --enable-clocale=gnu --enable-libstdcxx-debug --enable-mpfr --enable-checking=release i486-linux-gnu
Thread model: posix
gcc version 4.1.2 (Ubuntu 4.1.2-0ubuntu2)
configure:5017: $? = 0
configure:5024: g++ -V >&5
g++: '-V' option must have argument
configure:5027: $? = 1
configure:5030: checking whether we are using the GNU C++ compiler
configure:5082: result: yes
configure:5087: checking whether g++ accepts -g
configure:5222: result: yes
configure:5247: checking dependency style of g++
configure:5337: result: gcc3
configure:5403: checking for gcc
configure:5430: result: gcc
configure:5668: checking for C compiler version
configure:5675: gcc --version >&5
gcc (GCC) 4.1.2 (Ubuntu 4.1.2-0ubuntu2)
Copyright (C) 2006 Free Software Foundation, Inc.
This is free software; see the source for copying conditions.  There is NO
warranty; not even for MERCHANTABILITY or FITNESS FOR A PARTICULAR PURPOSE.

configure:5678: $? = 0
configure:5685: gcc -v >&5
Using built-in specs.
Target: i486-linux-gnu
Configured with: ../src/configure -v --enable-languages=c,c++,fortran,objc,obj-c++,treelang --prefix=/usr --enable-shared --with-system-zlib --libexecdir=/usr/lib --without-included-gettext --enable-threads=posix --enable-nls --program-suffix=-4.1 --enable-__cxa_atexit --enable-clocale=gnu --enable-libstdcxx-debug --enable-mpfr --enable-checking=release i486-linux-gnu
Thread model: posix
gcc version 4.1.2 (Ubuntu 4.1.2-0ubuntu2)
configure:5688: $? = 0
configure:5695: gcc -V >&5
gcc: '-V' option must have argument
configure:5698: $? = 1
configure:5701: checking whether we are using the GNU C compiler
configure:5753: result: yes
configure:5758: checking whether gcc accepts -g
configure:5893: result: yes
configure:5910: checking for gcc option to accept ISO C89
configure:6013: result: none needed
configure:6033: checking dependency style of gcc
configure:6123: result: gcc3
configure:6157: checking for a BSD-compatible install
configure:6213: result: /usr/bin/install -c
configure:6231: checking how to run the C preprocessor
configure:6271: gcc -E  conftest.c
configure:6277: $? = 0
configure:6308: gcc -E  conftest.c
conftest.c:10:28: error: ac_nonexistent.h: No such file or directory
configure:6314: $? = 1
configure: failed program was:
| /* confdefs.h.  */
| #define PACKAGE_NAME ""
| #define PACKAGE_TARNAME ""
| #define PACKAGE_VERSION ""
| #define PACKAGE_STRING ""
| #define PACKAGE_BUGREPORT ""
| #define PACKAGE "Zia"
| #define VERSION "0.0.1"
| /* end confdefs.h.  */
| #include <ac_nonexistent.h>
configure:6347: result: gcc -E
configure:6376: gcc -E  conftest.c
configure:6382: $? = 0
configure:6413: gcc -E  conftest.c
conftest.c:10:28: error: ac_nonexistent.h: No such file or directory
configure:6419: $? = 1
configure: failed program was:
| /* confdefs.h.  */
| #define PACKAGE_NAME ""
| #define PACKAGE_TARNAME ""
| #define PACKAGE_VERSION ""
| #define PACKAGE_STRING ""
| #define PACKAGE_BUGREPORT ""
| #define PACKAGE "Zia"
| #define VERSION "0.0.1"
| /* end confdefs.h.  */
| #include <ac_nonexistent.h>
configure:6457: checking for grep that handles long lines and -e
configure:6531: result: /bin/grep
configure:6536: checking for egrep
configure:6614: result: /bin/grep -E
configure:6619: checking for ANSI C header files
configure:6649: gcc -c -g -O2  conftest.c >&5
configure:6655: $? = 0
configure:6754: gcc -o conftest -g -O2   conftest.c  >&5
configure:6757: $? = 0
configure:6763: ./conftest
configure:6766: $? = 0
configure:6783: result: yes
configure:6807: checking for sys/types.h
configure:6828: gcc -c -g -O2  conftest.c >&5
configure:6834: $? = 0
configure:6850: result: yes
configure:6807: checking for sys/stat.h
configure:6828: gcc -c -g -O2  conftest.c >&5
configure:6834: $? = 0
configure:6850: result: yes
configure:6807: checking for stdlib.h
configure:6828: gcc -c -g -O2  conftest.c >&5
configure:6834: $? = 0
configure:6850: result: yes
configure:6807: checking for string.h
configure:6828: gcc -c -g -O2  conftest.c >&5
configure:6834: $? = 0
configure:6850: result: yes
configure:6807: checking for memory.h
configure:6828: gcc -c -g -O2  conftest.c >&5
configure:6834: $? = 0
configure:6850: result: yes
configure:6807: checking for strings.h
configure:6828: gcc -c -g -O2  conftest.c >&5
configure:6834: $? = 0
configure:6850: result: yes
configure:6807: checking for inttypes.h
configure:6828: gcc -c -g -O2  conftest.c >&5
configure:6834: $? = 0
configure:6850: result: yes
configure:6807: checking for stdint.h
configure:6828: gcc -c -g -O2  conftest.c >&5
configure:6834: $? = 0
configure:6850: result: yes
configure:6807: checking for unistd.h
configure:6828: gcc -c -g -O2  conftest.c >&5
configure:6834: $? = 0
configure:6850: result: yes
configure:6877: checking pthread.h usability
configure:6894: gcc -c -g -O2  conftest.c >&5
In file included from conftest.c:53:
/usr/include/pthread.h:285: error: conflicting types for 'pthread_t'
/usr/include/bits/pthreadtypes.h:36: error: previous declaration of 'pthread_t' was here
/usr/include/pthread.h:286: error: conflicting types for 'pthread_attr_t'
/usr/include/bits/pthreadtypes.h:43: error: previous declaration of 'pthread_attr_t' was here
/usr/include/pthread.h:287: error: conflicting types for 'pthread_key_t'
/usr/include/bits/pthreadtypes.h:109: error: previous declaration of 'pthread_key_t' was here
/usr/include/pthread.h:289: error: conflicting types for 'pthread_mutexattr_t'
/usr/include/bits/pthreadtypes.h:79: error: previous declaration of 'pthread_mutexattr_t' was here
/usr/include/pthread.h:290: error: conflicting types for 'pthread_mutex_t'
/usr/include/bits/pthreadtypes.h:73: error: previous declaration of 'pthread_mutex_t' was here
/usr/include/pthread.h:291: error: conflicting types for 'pthread_condattr_t'
/usr/include/bits/pthreadtypes.h:105: error: previous declaration of 'pthread_condattr_t' was here
/usr/include/pthread.h:292: error: conflicting types for 'pthread_cond_t'
/usr/include/bits/pthreadtypes.h:99: error: previous declaration of 'pthread_cond_t' was here
/usr/include/pthread.h:293: error: conflicting types for 'pthread_rwlockattr_t'
/usr/include/bits/pthreadtypes.h:142: error: previous declaration of 'pthread_rwlockattr_t' was here
/usr/include/pthread.h:294: error: conflicting types for 'pthread_rwlock_t'
/usr/include/bits/pthreadtypes.h:136: error: previous declaration of 'pthread_rwlock_t' was here
configure:6900: $? = 1
configure: failed program was:
| /* confdefs.h.  */
| #define PACKAGE_NAME ""
| #define PACKAGE_TARNAME ""
| #define PACKAGE_VERSION ""
| #define PACKAGE_STRING ""
| #define PACKAGE_BUGREPORT ""
| #define PACKAGE "Zia"
| #define VERSION "0.0.1"
| #define STDC_HEADERS 1
| #define HAVE_SYS_TYPES_H 1
| #define HAVE_SYS_STAT_H 1
| #define HAVE_STDLIB_H 1
| #define HAVE_STRING_H 1
| #define HAVE_MEMORY_H 1
| #define HAVE_STRINGS_H 1
| #define HAVE_INTTYPES_H 1
| #define HAVE_STDINT_H 1
| #define HAVE_UNISTD_H 1
| /* end confdefs.h.  */
| #include <stdio.h>
| #ifdef HAVE_SYS_TYPES_H
| # include <sys/types.h>
| #endif
| #ifdef HAVE_SYS_STAT_H
| # include <sys/stat.h>
| #endif
| #ifdef STDC_HEADERS
| # include <stdlib.h>
| # include <stddef.h>
| #else
| # ifdef HAVE_STDLIB_H
| #  include <stdlib.h>
| # endif
| #endif
| #ifdef HAVE_STRING_H
| # if !defined STDC_HEADERS && defined HAVE_MEMORY_H
| #  include <memory.h>
| # endif
| # include <string.h>
| #endif
| #ifdef HAVE_STRINGS_H
| # include <strings.h>
| #endif
| #ifdef HAVE_INTTYPES_H
| # include <inttypes.h>
| #endif
| #ifdef HAVE_STDINT_H
| # include <stdint.h>
| #endif
| #ifdef HAVE_UNISTD_H
| # include <unistd.h>
| #endif
| #include <pthread.h>
configure:6914: result: no
configure:6918: checking pthread.h presence
configure:6933: gcc -E  conftest.c
configure:6939: $? = 0
configure:6953: result: yes
configure:6966: WARNING: pthread.h: present but cannot be compiled
configure:6968: WARNING: pthread.h:     check for missing prerequisite headers?
configure:6970: WARNING: pthread.h: see the Autoconf documentation
configure:6972: WARNING: pthread.h:     section "Present But Cannot Be Compiled"
configure:6974: WARNING: pthread.h: proceeding with the preprocessor's result
configure:6976: WARNING: pthread.h: in the future, the compiler will take precedence
configure:6981: checking for pthread.h
configure:6989: result: yes
configure:7019: checking iostream, usability
configure:7036: gcc -c -g -O2  conftest.c >&5
conftest.c:54:21: error: iostream,: No such file or directory
configure:7042: $? = 1
configure: failed program was:
| /* confdefs.h.  */
| #define PACKAGE_NAME ""
| #define PACKAGE_TARNAME ""
| #define PACKAGE_VERSION ""
| #define PACKAGE_STRING ""
| #define PACKAGE_BUGREPORT ""
| #define PACKAGE "Zia"
| #define VERSION "0.0.1"
| #define STDC_HEADERS 1
| #define HAVE_SYS_TYPES_H 1
| #define HAVE_SYS_STAT_H 1
| #define HAVE_STDLIB_H 1
| #define HAVE_STRING_H 1
| #define HAVE_MEMORY_H 1
| #define HAVE_STRINGS_H 1
| #define HAVE_INTTYPES_H 1
| #define HAVE_STDINT_H 1
| #define HAVE_UNISTD_H 1
| #define HAVE_PTHREAD_H 1
| /* end confdefs.h.  */
| #include <stdio.h>
| #ifdef HAVE_SYS_TYPES_H
| # include <sys/types.h>
| #endif
| #ifdef HAVE_SYS_STAT_H
| # include <sys/stat.h>
| #endif
| #ifdef STDC_HEADERS
| # include <stdlib.h>
| # include <stddef.h>
| #else
| # ifdef HAVE_STDLIB_H
| #  include <stdlib.h>
| # endif
| #endif
| #ifdef HAVE_STRING_H
| # if !defined STDC_HEADERS && defined HAVE_MEMORY_H
| #  include <memory.h>
| # endif
| # include <string.h>
| #endif
| #ifdef HAVE_STRINGS_H
| # include <strings.h>
| #endif
| #ifdef HAVE_INTTYPES_H
| # include <inttypes.h>
| #endif
| #ifdef HAVE_STDINT_H
| # include <stdint.h>
| #endif
| #ifdef HAVE_UNISTD_H
| # include <unistd.h>
| #endif
| #include <iostream,>
configure:7056: result: no
configure:7060: checking iostream, presence
configure:7075: gcc -E  conftest.c
conftest.c:21:21: error: iostream,: No such file or directory
configure:7081: $? = 1
configure: failed program was:
| /* confdefs.h.  */
| #define PACKAGE_NAME ""
| #define PACKAGE_TARNAME ""
| #define PACKAGE_VERSION ""
| #define PACKAGE_STRING ""
| #define PACKAGE_BUGREPORT ""
| #define PACKAGE "Zia"
| #define VERSION "0.0.1"
| #define STDC_HEADERS 1
| #define HAVE_SYS_TYPES_H 1
| #define HAVE_SYS_STAT_H 1
| #define HAVE_STDLIB_H 1
| #define HAVE_STRING_H 1
| #define HAVE_MEMORY_H 1
| #define HAVE_STRINGS_H 1
| #define HAVE_INTTYPES_H 1
| #define HAVE_STDINT_H 1
| #define HAVE_UNISTD_H 1
| #define HAVE_PTHREAD_H 1
| /* end confdefs.h.  */
| #include <iostream,>
configure:7095: result: no
configure:7123: checking for iostream,
configure:7131: result: no
configure:7019: checking vector, usability
configure:7036: gcc -c -g -O2  conftest.c >&5
conftest.c:54:19: error: vector,: No such file or directory
configure:7042: $? = 1
configure: failed program was:
| /* confdefs.h.  */
| #define PACKAGE_NAME ""
| #define PACKAGE_TARNAME ""
| #define PACKAGE_VERSION ""
| #define PACKAGE_STRING ""
| #define PACKAGE_BUGREPORT ""
| #define PACKAGE "Zia"
| #define VERSION "0.0.1"
| #define STDC_HEADERS 1
| #define HAVE_SYS_TYPES_H 1
| #define HAVE_SYS_STAT_H 1
| #define HAVE_STDLIB_H 1
| #define HAVE_STRING_H 1
| #define HAVE_MEMORY_H 1
| #define HAVE_STRINGS_H 1
| #define HAVE_INTTYPES_H 1
| #define HAVE_STDINT_H 1
| #define HAVE_UNISTD_H 1
| #define HAVE_PTHREAD_H 1
| /* end confdefs.h.  */
| #include <stdio.h>
| #ifdef HAVE_SYS_TYPES_H
| # include <sys/types.h>
| #endif
| #ifdef HAVE_SYS_STAT_H
| # include <sys/stat.h>
| #endif
| #ifdef STDC_HEADERS
| # include <stdlib.h>
| # include <stddef.h>
| #else
| # ifdef HAVE_STDLIB_H
| #  include <stdlib.h>
| # endif
| #endif
| #ifdef HAVE_STRING_H
| # if !defined STDC_HEADERS && defined HAVE_MEMORY_H
| #  include <memory.h>
| # endif
| # include <string.h>
| #endif
| #ifdef HAVE_STRINGS_H
| # include <strings.h>
| #endif
| #ifdef HAVE_INTTYPES_H
| # include <inttypes.h>
| #endif
| #ifdef HAVE_STDINT_H
| # include <stdint.h>
| #endif
| #ifdef HAVE_UNISTD_H
| # include <unistd.h>
| #endif
| #include <vector,>
configure:7056: result: no
configure:7060: checking vector, presence
configure:7075: gcc -E  conftest.c
conftest.c:21:19: error: vector,: No such file or directory
configure:7081: $? = 1
configure: failed program was:
| /* confdefs.h.  */
| #define PACKAGE_NAME ""
| #define PACKAGE_TARNAME ""
| #define PACKAGE_VERSION ""
| #define PACKAGE_STRING ""
| #define PACKAGE_BUGREPORT ""
| #define PACKAGE "Zia"
| #define VERSION "0.0.1"
| #define STDC_HEADERS 1
| #define HAVE_SYS_TYPES_H 1
| #define HAVE_SYS_STAT_H 1
| #define HAVE_STDLIB_H 1
| #define HAVE_STRING_H 1
| #define HAVE_MEMORY_H 1
| #define HAVE_STRINGS_H 1
| #define HAVE_INTTYPES_H 1
| #define HAVE_STDINT_H 1
| #define HAVE_UNISTD_H 1
| #define HAVE_PTHREAD_H 1
| /* end confdefs.h.  */
| #include <vector,>
configure:7095: result: no
configure:7123: checking for vector,
configure:7131: result: no
configure:7019: checking list usability
configure:7036: gcc -c -g -O2  conftest.c >&5
conftest.c:54:16: error: list: No such file or directory
configure:7042: $? = 1
configure: failed program was:
| /* confdefs.h.  */
| #define PACKAGE_NAME ""
| #define PACKAGE_TARNAME ""
| #define PACKAGE_VERSION ""
| #define PACKAGE_STRING ""
| #define PACKAGE_BUGREPORT ""
| #define PACKAGE "Zia"
| #define VERSION "0.0.1"
| #define STDC_HEADERS 1
| #define HAVE_SYS_TYPES_H 1
| #define HAVE_SYS_STAT_H 1
| #define HAVE_STDLIB_H 1
| #define HAVE_STRING_H 1
| #define HAVE_MEMORY_H 1
| #define HAVE_STRINGS_H 1
| #define HAVE_INTTYPES_H 1
| #define HAVE_STDINT_H 1
| #define HAVE_UNISTD_H 1
| #define HAVE_PTHREAD_H 1
| /* end confdefs.h.  */
| #include <stdio.h>
| #ifdef HAVE_SYS_TYPES_H
| # include <sys/types.h>
| #endif
| #ifdef HAVE_SYS_STAT_H
| # include <sys/stat.h>
| #endif
| #ifdef STDC_HEADERS
| # include <stdlib.h>
| # include <stddef.h>
| #else
| # ifdef HAVE_STDLIB_H
| #  include <stdlib.h>
| # endif
| #endif
| #ifdef HAVE_STRING_H
| # if !defined STDC_HEADERS && defined HAVE_MEMORY_H
| #  include <memory.h>
| # endif
| # include <string.h>
| #endif
| #ifdef HAVE_STRINGS_H
| # include <strings.h>
| #endif
| #ifdef HAVE_INTTYPES_H
| # include <inttypes.h>
| #endif
| #ifdef HAVE_STDINT_H
| # include <stdint.h>
| #endif
| #ifdef HAVE_UNISTD_H
| # include <unistd.h>
| #endif
| #include <list>
configure:7056: result: no
configure:7060: checking list presence
configure:7075: gcc -E  conftest.c
conftest.c:21:16: error: list: No such file or directory
configure:7081: $? = 1
configure: failed program was:
| /* confdefs.h.  */
| #define PACKAGE_NAME ""
| #define PACKAGE_TARNAME ""
| #define PACKAGE_VERSION ""
| #define PACKAGE_STRING ""
| #define PACKAGE_BUGREPORT ""
| #define PACKAGE "Zia"
| #define VERSION "0.0.1"
| #define STDC_HEADERS 1
| #define HAVE_SYS_TYPES_H 1
| #define HAVE_SYS_STAT_H 1
| #define HAVE_STDLIB_H 1
| #define HAVE_STRING_H 1
| #define HAVE_MEMORY_H 1
| #define HAVE_STRINGS_H 1
| #define HAVE_INTTYPES_H 1
| #define HAVE_STDINT_H 1
| #define HAVE_UNISTD_H 1
| #define HAVE_PTHREAD_H 1
| /* end confdefs.h.  */
| #include <list>
configure:7095: result: no
configure:7123: checking for list
configure:7131: result: no
configure:7326: creating ./config.status

## ---------------------- ##
## Running config.status. ##
## ---------------------- ##

This file was extended by config.status, which was
generated by GNU Autoconf 2.61.  Invocation command line was

  CONFIG_FILES    = 
  CONFIG_HEADERS  = 
  CONFIG_LINKS    = 
  CONFIG_COMMANDS = 
  $ ./config.status 

on elthariel-desktop

config.status:627: creating Makefile
config.status:627: creating src/Makefile
config.status:812: executing depfiles commands

## ---------------- ##
## Cache variables. ##
## ---------------- ##

ac_cv_c_compiler_gnu=yes
ac_cv_cxx_compiler_gnu=yes
ac_cv_env_CCC_set=
ac_cv_env_CCC_value=
ac_cv_env_CC_set=
ac_cv_env_CC_value=
ac_cv_env_CFLAGS_set=
ac_cv_env_CFLAGS_value=
ac_cv_env_CPPFLAGS_set=
ac_cv_env_CPPFLAGS_value=
ac_cv_env_CPP_set=
ac_cv_env_CPP_value=
ac_cv_env_CXXCPP_set=
ac_cv_env_CXXCPP_value=
ac_cv_env_CXXFLAGS_set=
ac_cv_env_CXXFLAGS_value=
ac_cv_env_CXX_set=
ac_cv_env_CXX_value=
ac_cv_env_LDFLAGS_set=
ac_cv_env_LDFLAGS_value=
ac_cv_env_LIBS_set=
ac_cv_env_LIBS_value=
ac_cv_env_build_alias_set=
ac_cv_env_build_alias_value=
ac_cv_env_host_alias_set=
ac_cv_env_host_alias_value=
ac_cv_env_target_alias_set=
ac_cv_env_target_alias_value=
ac_cv_header_inttypes_h=yes
ac_cv_header_iostream_=no
ac_cv_header_list=no
ac_cv_header_memory_h=yes
ac_cv_header_pthread_h=yes
ac_cv_header_stdc=yes
ac_cv_header_stdint_h=yes
ac_cv_header_stdlib_h=yes
ac_cv_header_string_h=yes
ac_cv_header_strings_h=yes
ac_cv_header_sys_stat_h=yes
ac_cv_header_sys_types_h=yes
ac_cv_header_unistd_h=yes
ac_cv_header_vector_=no
ac_cv_objext=o
ac_cv_path_EGREP='/bin/grep -E'
ac_cv_path_GREP=/bin/grep
ac_cv_path_install='/usr/bin/install -c'
ac_cv_prog_AWK=mawk
ac_cv_prog_CPP='gcc -E'
ac_cv_prog_CXXCPP='g++ -E'
ac_cv_prog_ac_ct_CC=gcc
ac_cv_prog_ac_ct_CXX=g++
ac_cv_prog_cc_c89=
ac_cv_prog_cc_g=yes
ac_cv_prog_cxx_g=yes
ac_cv_prog_make_make_set=yes
ac_cv_search_strerror='none required'
am_cv_CC_dependencies_compiler_type=gcc3
am_cv_CXX_dependencies_compiler_type=gcc3
am_cv_prog_cc_stdc=

## ----------------- ##
## Output variables. ##
## ----------------- ##

ACLOCAL='${SHELL} /home/elthariel/code/httpd/missing --run aclocal-1.9'
AMDEPBACKSLASH='\'
AMDEP_FALSE='#'
AMDEP_TRUE=''
AMTAR='${SHELL} /home/elthariel/code/httpd/missing --run tar'
AUTOCONF='${SHELL} /home/elthariel/code/httpd/missing --run autoconf'
AUTOHEADER='${SHELL} /home/elthariel/code/httpd/missing --run autoheader'
AUTOMAKE='${SHELL} /home/elthariel/code/httpd/missing --run automake-1.9'
AWK='mawk'
CC='gcc'
CCDEPMODE='depmode=gcc3'
CFLAGS='-g -O2'
CPP='gcc -E'
CPPFLAGS=''
CXX='g++'
CXXCPP='g++ -E'
CXXDEPMODE='depmode=gcc3'
CXXFLAGS='-g -O2'
CYGPATH_W='echo'
DEFS='-DPACKAGE_NAME=\"\" -DPACKAGE_TARNAME=\"\" -DPACKAGE_VERSION=\"\" -DPACKAGE_STRING=\"\" -DPACKAGE_BUGREPORT=\"\" -DPACKAGE=\"Zia\" -DVERSION=\"0.0.1\" -DSTDC_HEADERS=1 -DHAVE_SYS_TYPES_H=1 -DHAVE_SYS_STAT_H=1 -DHAVE_STDLIB_H=1 -DHAVE_STRING_H=1 -DHAVE_MEMORY_H=1 -DHAVE_STRINGS_H=1 -DHAVE_INTTYPES_H=1 -DHAVE_STDINT_H=1 -DHAVE_UNISTD_H=1 -DHAVE_PTHREAD_H=1'
DEPDIR='.deps'
ECHO_C=''
ECHO_N='-n'
ECHO_T=''
EGREP='/bin/grep -E'
EXEEXT=''
GREP='/bin/grep'
INSTALL_DATA='${INSTALL} -m 644'
INSTALL_PROGRAM='${INSTALL}'
INSTALL_SCRIPT='${INSTALL}'
INSTALL_STRIP_PROGRAM='${SHELL} $(install_sh) -c -s'
LDFLAGS=''
LIBOBJS=''
LIBS=''
LTLIBOBJS=''
MAINT=''
MAINTAINER_MODE_FALSE='#'
MAINTAINER_MODE_TRUE=''
MAKEINFO='${SHELL} /home/elthariel/code/httpd/missing --run makeinfo'
OBJEXT='o'
PACKAGE='Zia'
PACKAGE_BUGREPORT=''
PACKAGE_NAME=''
PACKAGE_STRING=''
PACKAGE_TARNAME=''
PACKAGE_VERSION=''
PATH_SEPARATOR=':'
SET_MAKE=''
SHELL='/bin/bash'
STRIP=''
VERSION='0.0.1'
ac_ct_CC='gcc'
ac_ct_CXX='g++'
am__fastdepCC_FALSE='#'
am__fastdepCC_TRUE=''
am__fastdepCXX_FALSE='#'
am__fastdepCXX_TRUE=''
am__include='include'
am__leading_dot='.'
am__quote=''
am__tar='${AMTAR} chof - "$$tardir"'
am__untar='${AMTAR} xf -'
bindir='${exec_prefix}/bin'
build_alias=''
datadir='${datarootdir}'
datarootdir='${prefix}/share'
docdir='${datarootdir}/doc/${PACKAGE}'
dvidir='${docdir}'
exec_prefix='${prefix}'
host_alias=''
htmldir='${docdir}'
includedir='${prefix}/include'
infodir='${datarootdir}/info'
install_sh='/home/elthariel/code/httpd/install-sh'
libdir='${exec_prefix}/lib'
libexecdir='${exec_prefix}/libexec'
localedir='${datarootdir}/locale'
localstatedir='${prefix}/var'
mandir='${datarootdir}/man'
mkdir_p='mkdir -p --'
oldincludedir='/usr/include'
pdfdir='${docdir}'
prefix='/usr/local'
program_transform_name='s,x,x,'
psdir='${docdir}'
sbindir='${exec_prefix}/sbin'
sharedstatedir='${prefix}/com'
sysconfdir='${prefix}/etc'
target_alias=''

## ----------- ##
## confdefs.h. ##
## ----------- ##

#define PACKAGE_NAME ""
#define PACKAGE_TARNAME ""
#define PACKAGE_VERSION ""
#define PACKAGE_STRING ""
#define PACKAGE_BUGREPORT ""
#define PACKAGE "Zia"
#define VERSION "0.0.1"
#define STDC_HEADERS 1
#define HAVE_SYS_TYPES_H 1
#define HAVE_SYS_STAT_H 1
#define HAVE_STDLIB_H 1
#define HAVE_STRING_H 1
#define HAVE_MEMORY_H 1
#define HAVE_STRINGS_H 1
#define HAVE_INTTYPES_H 1
#define HAVE_STDINT_H 1
#define HAVE_UNISTD_H 1
#define HAVE_PTHREAD_H 1

configure: exit 0

## ---------------------- ##
## Running config.status. ##
## ---------------------- ##

This file was extended by config.status, which was
generated by GNU Autoconf 2.61.  Invocation command line was

  CONFIG_FILES    = 
  CONFIG_HEADERS  = 
  CONFIG_LINKS    = 
  CONFIG_COMMANDS = 
  $ ./config.status src/Makefile depfiles

on elthariel-desktop

config.status:627: creating src/Makefile
config.status:812: executing depfiles commands

## ---------------------- ##
## Running config.status. ##
## ---------------------- ##

This file was extended by config.status, which was
generated by GNU Autoconf 2.61.  Invocation command line was

  CONFIG_FILES    = 
  CONFIG_HEADERS  = 
  CONFIG_LINKS    = 
  CONFIG_COMMANDS = 
  $ ./config.status src/Makefile depfiles

on elthariel-desktop

config.status:627: creating src/Makefile
config.status:812: executing depfiles commands

## ---------------------- ##
## Running config.status. ##
## ---------------------- ##

This file was extended by config.status, which was
generated by GNU Autoconf 2.61.  Invocation command line was

  CONFIG_FILES    = 
  CONFIG_HEADERS  = 
  CONFIG_LINKS    = 
  CONFIG_COMMANDS = 
  $ ./config.status src/Makefile depfiles

on elthariel-desktop

config.status:627: creating src/Makefile
config.status:812: executing depfiles commands

## ---------------------- ##
## Running config.status. ##
## ---------------------- ##

This file was extended by config.status, which was
generated by GNU Autoconf 2.61.  Invocation command line was

  CONFIG_FILES    = 
  CONFIG_HEADERS  = 
  CONFIG_LINKS    = 
  CONFIG_COMMANDS = 
  $ ./config.status src/Makefile depfiles

on elthariel-desktop

config.status:627: creating src/Makefile
config.status:812: executing depfiles commands

## ---------------------- ##
## Running config.status. ##
## ---------------------- ##

This file was extended by config.status, which was
generated by GNU Autoconf 2.61.  Invocation command line was

  CONFIG_FILES    = 
  CONFIG_HEADERS  = 
  CONFIG_LINKS    = 
  CONFIG_COMMANDS = 
  $ ./config.status src/Makefile depfiles

on elthariel-desktop

config.status:627: creating src/Makefile
config.status:812: executing depfiles commands

## ---------------------- ##
## Running config.status. ##
## ---------------------- ##

This file was extended by config.status, which was
generated by GNU Autoconf 2.61.  Invocation command line was

  CONFIG_FILES    = 
  CONFIG_HEADERS  = 
  CONFIG_LINKS    = 
  CONFIG_COMMANDS = 
  $ ./config.status src/Makefile depfiles

on elthariel-desktop

config.status:627: creating src/Makefile
config.status:812: executing depfiles commands

## ---------------------- ##
## Running config.status. ##
## ---------------------- ##

This file was extended by config.status, which was
generated by GNU Autoconf 2.61.  Invocation command line was

  CONFIG_FILES    = 
  CONFIG_HEADERS  = 
  CONFIG_LINKS    = 
  CONFIG_COMMANDS = 
  $ ./config.status src/Makefile depfiles

on elthariel-desktop

config.status:627: creating src/Makefile
config.status:812: executing depfiles commands

## ---------------------- ##
## Running config.status. ##
## ---------------------- ##

This file was extended by config.status, which was
generated by GNU Autoconf 2.61.  Invocation command line was

  CONFIG_FILES    = 
  CONFIG_HEADERS  = 
  CONFIG_LINKS    = 
  CONFIG_COMMANDS = 
  $ ./config.status src/Makefile depfiles

on elthariel-desktop

config.status:627: creating src/Makefile
config.status:812: executing depfiles commands

## ---------------------- ##
## Running config.status. ##
## ---------------------- ##

This file was extended by config.status, which was
generated by GNU Autoconf 2.61.  Invocation command line was

  CONFIG_FILES    = 
  CONFIG_HEADERS  = 
  CONFIG_LINKS    = 
  CONFIG_COMMANDS = 
  $ ./config.status src/Makefile depfiles

on elthariel-desktop

config.status:627: creating src/Makefile
config.status:812: executing depfiles commands

## ---------------------- ##
## Running config.status. ##
## ---------------------- ##

This file was extended by config.status, which was
generated by GNU Autoconf 2.61.  Invocation command line was

  CONFIG_FILES    = 
  CONFIG_HEADERS  = 
  CONFIG_LINKS    = 
  CONFIG_COMMANDS = 
  $ ./config.status src/Makefile depfiles

on elthariel-desktop

config.status:627: creating src/Makefile
config.status:812: executing depfiles commands

## ---------------------- ##
## Running config.status. ##
## ---------------------- ##

This file was extended by config.status, which was
generated by GNU Autoconf 2.61.  Invocation command line was

  CONFIG_FILES    = 
  CONFIG_HEADERS  = 
  CONFIG_LINKS    = 
  CONFIG_COMMANDS = 
  $ ./config.status src/Makefile depfiles

on elthariel-desktop

config.status:627: creating src/Makefile
config.status:812: executing depfiles commands

## ---------------------- ##
## Running config.status. ##
## ---------------------- ##

This file was extended by config.status, which was
generated by GNU Autoconf 2.61.  Invocation command line was

  CONFIG_FILES    = 
  CONFIG_HEADERS  = 
  CONFIG_LINKS    = 
  CONFIG_COMMANDS = 
  $ ./config.status src/Makefile depfiles

on elthariel-desktop

config.status:627: creating src/Makefile
config.status:812: executing depfiles commands

## ---------------------- ##
## Running config.status. ##
## ---------------------- ##

This file was extended by config.status, which was
generated by GNU Autoconf 2.61.  Invocation command line was

  CONFIG_FILES    = 
  CONFIG_HEADERS  = 
  CONFIG_LINKS    = 
  CONFIG_COMMANDS = 
  $ ./config.status src/Makefile depfiles

on elthariel-desktop

config.status:627: creating src/Makefile
config.status:812: executing depfiles commands
